# JRE version: OpenJDK Runtime Environment Microsoft-40648 (11.0.16.1+1) (build 11.0.16.1+1-LTS)
# Java VM: OpenJDK 64-Bit Server VM Microsoft-40648 (11.0.16.1+1-LTS, mixed mode, tiered, compressed oops, g1 gc, windows-amd64)
Heap:
 garbage-first heap   total 408576K, used 268178K [0x00000000c0000000, 0x0000000100000000)
  region size 1024K, 127 young (130048K), 5 survivors (5120K)
 Metaspace       used 24673K, capacity 25258K, committed 25520K, reserved 1071104K
  class space    used 2642K, capacity 2913K, committed 3072K, reserved 1048576K
GC Heap History (20 events):
Event: 3.255 GC heap before
{Heap before GC invocations=13 (full 0):
 garbage-first heap   total 408576K, used 221612K [0x00000000c0000000, 0x0000000100000000)
  region size 1024K, 117 young (119808K), 9 survivors (9216K)
 Metaspace       used 16949K, capacity 17286K, committed 17664K, reserved 1064960K
  class space    used 1744K, capacity 1923K, committed 2048K, reserved 1048576K
}
Event: 3.288 GC heap after
{Heap after GC invocations=14 (full 0):
 garbage-first heap   total 408576K, used 131669K [0x00000000c0000000, 0x0000000100000000)
  region size 1024K, 15 young (15360K), 15 survivors (15360K)
 Metaspace       used 16949K, capacity 17286K, committed 17664K, reserved 1064960K
  class space    used 1744K, capacity 1923K, committed 2048K, reserved 1048576K
}
Event: 3.756 GC heap before
{Heap before GC invocations=14 (full 0):
 garbage-first heap   total 408576K, used 207445K [0x00000000c0000000, 0x0000000100000000)
  region size 1024K, 90 young (92160K), 15 survivors (15360K)
 Metaspace       used 20508K, capacity 21148K, committed 21296K, reserved 1069056K
  class space    used 2356K, capacity 2649K, committed 2688K, reserved 1048576K
}
Event: 3.784 GC heap after
{Heap after GC invocations=15 (full 0):
 garbage-first heap   total 408576K, used 146746K [0x00000000c0000000, 0x0000000100000000)
  region size 1024K, 14 young (14336K), 14 survivors (14336K)
 Metaspace       used 20508K, capacity 21148K, committed 21296K, reserved 1069056K
  class space    used 2356K, capacity 2649K, committed 2688K, reserved 1048576K
}
Event: 5.070 GC heap before
{Heap before GC invocations=16 (full 0):
 garbage-first heap   total 408576K, used 258362K [0x00000000c0000000, 0x0000000100000000)
  region size 1024K, 124 young (126976K), 14 survivors (14336K)
 Metaspace       used 23157K, capacity 23842K, committed 24112K, reserved 1071104K
  class space    used 2619K, capacity 2899K, committed 2944K, reserved 1048576K
}
Event: 5.086 GC heap after
{Heap after GC invocations=17 (full 0):
 garbage-first heap   total 408576K, used 149825K [0x00000000c0000000, 0x0000000100000000)
  region size 1024K, 4 young (4096K), 4 survivors (4096K)
 Metaspace       used 23157K, capacity 23842K, committed 24112K, reserved 1071104K
  class space    used 2619K, capacity 2899K, committed 2944K, reserved 1048576K
}
Event: 5.163 GC heap before
{Heap before GC invocations=17 (full 0):
 garbage-first heap   total 408576K, used 165185K [0x00000000c0000000, 0x0000000100000000)
  region size 1024K, 19 young (19456K), 4 survivors (4096K)
 Metaspace       used 23175K, capacity 23849K, committed 24112K, reserved 1071104K
  class space    used 2619K, capacity 2900K, committed 2944K, reserved 1048576K
}
Event: 5.172 GC heap after
{Heap after GC invocations=18 (full 0):
 garbage-first heap   total 408576K, used 141524K [0x00000000c0000000, 0x0000000100000000)
  region size 1024K, 2 young (2048K), 2 survivors (2048K)
 Metaspace       used 23175K, capacity 23849K, committed 24112K, reserved 1071104K
  class space    used 2619K, capacity 2900K, committed 2944K, reserved 1048576K
}
Event: 5.768 GC heap before
{Heap before GC invocations=18 (full 0):
 garbage-first heap   total 408576K, used 278740K [0x00000000c0000000, 0x0000000100000000)
  region size 1024K, 135 young (138240K), 2 survivors (2048K)
 Metaspace       used 23482K, capacity 24142K, committed 24368K, reserved 1071104K
  class space    used 2625K, capacity 2911K, committed 2944K, reserved 1048576K
}
Event: 5.776 GC heap after
{Heap after GC invocations=19 (full 0):
 garbage-first heap   total 408576K, used 145085K [0x00000000c0000000, 0x0000000100000000)
  region size 1024K, 4 young (4096K), 4 survivors (4096K)
 Metaspace       used 23482K, capacity 24142K, committed 24368K, reserved 1071104K
  class space    used 2625K, capacity 2911K, committed 2944K, reserved 1048576K
}
Event: 6.556 GC heap before
{Heap before GC invocations=20 (full 0):
 garbage-first heap   total 408576K, used 307901K [0x00000000c0000000, 0x0000000100000000)
  region size 1024K, 163 young (166912K), 4 survivors (4096K)
 Metaspace       used 23793K, capacity 24354K, committed 25008K, reserved 1071104K
  class space    used 2555K, capacity 2807K, committed 3072K, reserved 1048576K
}
Event: 6.564 GC heap after
{Heap after GC invocations=21 (full 0):
 garbage-first heap   total 408576K, used 144728K [0x00000000c0000000, 0x0000000100000000)
  region size 1024K, 4 young (4096K), 4 survivors (4096K)
 Metaspace       used 23793K, capacity 24354K, committed 25008K, reserved 1071104K
  class space    used 2555K, capacity 2807K, committed 3072K, reserved 1048576K
}
Event: 6.613 GC heap before
{Heap before GC invocations=21 (full 0):
 garbage-first heap   total 408576K, used 160088K [0x00000000c0000000, 0x0000000100000000)
  region size 1024K, 19 young (19456K), 4 survivors (4096K)
 Metaspace       used 23838K, capacity 24379K, committed 25008K, reserved 1071104K
  class space    used 2559K, capacity 2815K, committed 3072K, reserved 1048576K
}
Event: 6.621 GC heap after
{Heap after GC invocations=22 (full 0):
 garbage-first heap   total 408576K, used 141255K [0x00000000c0000000, 0x0000000100000000)
  region size 1024K, 2 young (2048K), 2 survivors (2048K)
 Metaspace       used 23838K, capacity 24379K, committed 25008K, reserved 1071104K
  class space    used 2559K, capacity 2815K, committed 3072K, reserved 1048576K
}
Event: 7.150 GC heap before
{Heap before GC invocations=22 (full 0):
 garbage-first heap   total 408576K, used 312263K [0x00000000c0000000, 0x0000000100000000)
  region size 1024K, 169 young (173056K), 2 survivors (2048K)
 Metaspace       used 24142K, capacity 24655K, committed 25264K, reserved 1071104K
  class space    used 2568K, capacity 2816K, committed 3072K, reserved 1048576K
}
Event: 7.156 GC heap after
{Heap after GC invocations=23 (full 0):
 garbage-first heap   total 408576K, used 142573K [0x00000000c0000000, 0x0000000100000000)
  region size 1024K, 4 young (4096K), 4 survivors (4096K)
 Metaspace       used 24142K, capacity 24655K, committed 25264K, reserved 1071104K
  class space    used 2568K, capacity 2816K, committed 3072K, reserved 1048576K
}
Event: 7.544 GC heap before
{Heap before GC invocations=23 (full 0):
 garbage-first heap   total 408576K, used 318701K [0x00000000c0000000, 0x0000000100000000)
  region size 1024K, 176 young (180224K), 4 survivors (4096K)
 Metaspace       used 24409K, capacity 24983K, committed 25520K, reserved 1071104K
  class space    used 2600K, capacity 2841K, committed 3072K, reserved 1048576K
}
Event: 7.549 GC heap after
{Heap after GC invocations=24 (full 0):
 garbage-first heap   total 408576K, used 142727K [0x00000000c0000000, 0x0000000100000000)
  region size 1024K, 4 young (4096K), 4 survivors (4096K)
 Metaspace       used 24409K, capacity 24983K, committed 25520K, reserved 1071104K
  class space    used 2600K, capacity 2841K, committed 3072K, reserved 1048576K
}
Event: 8.036 GC heap before
{Heap before GC invocations=24 (full 0):
 garbage-first heap   total 408576K, used 335239K [0x00000000c0000000, 0x0000000100000000)
  region size 1024K, 192 young (196608K), 4 survivors (4096K)
 Metaspace       used 24489K, capacity 25079K, committed 25520K, reserved 1071104K
  class space    used 2612K, capacity 2852K, committed 3072K, reserved 1048576K
}
Event: 8.043 GC heap after
{Heap after GC invocations=25 (full 0):
 garbage-first heap   total 408576K, used 144274K [0x00000000c0000000, 0x0000000100000000)
  region size 1024K, 5 young (5120K), 5 survivors (5120K)
 Metaspace       used 24489K, capacity 25079K, committed 25520K, reserved 1071104K
  class space    used 2612K, capacity 2852K, committed 3072K, reserved 1048576K
}

