# JRE version: OpenJDK Runtime Environment Microsoft-40648 (11.0.16.1+1) (build 11.0.16.1+1-LTS)
# Java VM: OpenJDK 64-Bit Server VM Microsoft-40648 (11.0.16.1+1-LTS, mixed mode, tiered, compressed oops, g1 gc, windows-amd64)
Heap:
 garbage-first heap   total 249856K, used 61749K [0x00000000a1000000, 0x0000000100000000)
  region size 1024K, 4 young (4096K), 4 survivors (4096K)
 Metaspace       used 13827K, capacity 14066K, committed 14336K, reserved 1062912K
  class space    used 1108K, capacity 1173K, committed 1280K, reserved 1048576K
GC Heap History (20 events):
Event: 2.351 GC heap after
{Heap after GC invocations=6 (full 0):
 garbage-first heap   total 98304K, used 29112K [0x00000000a1000000, 0x0000000100000000)
  region size 1024K, 7 young (7168K), 7 survivors (7168K)
 Metaspace       used 13550K, capacity 13746K, committed 14080K, reserved 1062912K
  class space    used 1107K, capacity 1173K, committed 1280K, reserved 1048576K
}
Event: 2.406 GC heap before
{Heap before GC invocations=6 (full 0):
 garbage-first heap   total 98304K, used 73144K [0x00000000a1000000, 0x0000000100000000)
  region size 1024K, 47 young (48128K), 7 survivors (7168K)
 Metaspace       used 13573K, capacity 13746K, committed 14080K, reserved 1062912K
  class space    used 1107K, capacity 1173K, committed 1280K, reserved 1048576K
}
Event: 2.411 GC heap after
{Heap after GC invocations=7 (full 0):
 garbage-first heap   total 121856K, used 31948K [0x00000000a1000000, 0x0000000100000000)
  region size 1024K, 6 young (6144K), 6 survivors (6144K)
 Metaspace       used 13573K, capacity 13746K, committed 14080K, reserved 1062912K
  class space    used 1107K, capacity 1173K, committed 1280K, reserved 1048576K
}
Event: 2.471 GC heap before
{Heap before GC invocations=7 (full 0):
 garbage-first heap   total 121856K, used 88268K [0x00000000a1000000, 0x0000000100000000)
  region size 1024K, 58 young (59392K), 6 survivors (6144K)
 Metaspace       used 13589K, capacity 13810K, committed 14080K, reserved 1062912K
  class space    used 1107K, capacity 1173K, committed 1280K, reserved 1048576K
}
Event: 2.477 GC heap after
{Heap after GC invocations=8 (full 0):
 garbage-first heap   total 121856K, used 38106K [0x00000000a1000000, 0x0000000100000000)
  region size 1024K, 8 young (8192K), 8 survivors (8192K)
 Metaspace       used 13589K, capacity 13810K, committed 14080K, reserved 1062912K
  class space    used 1107K, capacity 1173K, committed 1280K, reserved 1048576K
}
Event: 2.533 GC heap before
{Heap before GC invocations=8 (full 0):
 garbage-first heap   total 121856K, used 87258K [0x00000000a1000000, 0x0000000100000000)
  region size 1024K, 56 young (57344K), 8 survivors (8192K)
 Metaspace       used 13668K, capacity 13938K, committed 14080K, reserved 1062912K
  class space    used 1107K, capacity 1173K, committed 1280K, reserved 1048576K
}
Event: 2.537 GC heap after
{Heap after GC invocations=9 (full 0):
 garbage-first heap   total 121856K, used 41979K [0x00000000a1000000, 0x0000000100000000)
  region size 1024K, 5 young (5120K), 5 survivors (5120K)
 Metaspace       used 13668K, capacity 13938K, committed 14080K, reserved 1062912K
  class space    used 1107K, capacity 1173K, committed 1280K, reserved 1048576K
}
Event: 2.590 GC heap before
{Heap before GC invocations=9 (full 0):
 garbage-first heap   total 121856K, used 91131K [0x00000000a1000000, 0x0000000100000000)
  region size 1024K, 52 young (53248K), 5 survivors (5120K)
 Metaspace       used 13734K, capacity 14002K, committed 14336K, reserved 1062912K
  class space    used 1107K, capacity 1173K, committed 1280K, reserved 1048576K
}
Event: 2.594 GC heap after
{Heap after GC invocations=10 (full 0):
 garbage-first heap   total 121856K, used 43194K [0x00000000a1000000, 0x0000000100000000)
  region size 1024K, 6 young (6144K), 6 survivors (6144K)
 Metaspace       used 13734K, capacity 14002K, committed 14336K, reserved 1062912K
  class space    used 1107K, capacity 1173K, committed 1280K, reserved 1048576K
}
Event: 2.624 GC heap before
{Heap before GC invocations=10 (full 0):
 garbage-first heap   total 121856K, used 95418K [0x00000000a1000000, 0x0000000100000000)
  region size 1024K, 54 young (55296K), 6 survivors (6144K)
 Metaspace       used 13745K, capacity 14002K, committed 14336K, reserved 1062912K
  class space    used 1107K, capacity 1173K, committed 1280K, reserved 1048576K
}
Event: 2.628 GC heap after
{Heap after GC invocations=11 (full 0):
 garbage-first heap   total 121856K, used 46708K [0x00000000a1000000, 0x0000000100000000)
  region size 1024K, 7 young (7168K), 7 survivors (7168K)
 Metaspace       used 13745K, capacity 14002K, committed 14336K, reserved 1062912K
  class space    used 1107K, capacity 1173K, committed 1280K, reserved 1048576K
}
Event: 2.659 GC heap before
{Heap before GC invocations=11 (full 0):
 garbage-first heap   total 121856K, used 94836K [0x00000000a1000000, 0x0000000100000000)
  region size 1024K, 52 young (53248K), 7 survivors (7168K)
 Metaspace       used 13767K, capacity 14002K, committed 14336K, reserved 1062912K
  class space    used 1108K, capacity 1173K, committed 1280K, reserved 1048576K
}
Event: 2.662 GC heap after
{Heap after GC invocations=12 (full 0):
 garbage-first heap   total 146432K, used 46068K [0x00000000a1000000, 0x0000000100000000)
  region size 1024K, 5 young (5120K), 5 survivors (5120K)
 Metaspace       used 13767K, capacity 14002K, committed 14336K, reserved 1062912K
  class space    used 1108K, capacity 1173K, committed 1280K, reserved 1048576K
}
Event: 2.703 GC heap before
{Heap before GC invocations=12 (full 0):
 garbage-first heap   total 146432K, used 112628K [0x00000000a1000000, 0x0000000100000000)
  region size 1024K, 64 young (65536K), 5 survivors (5120K)
 Metaspace       used 13791K, capacity 14002K, committed 14336K, reserved 1062912K
  class space    used 1108K, capacity 1173K, committed 1280K, reserved 1048576K
}
Event: 2.710 GC heap after
{Heap after GC invocations=13 (full 0):
 garbage-first heap   total 146432K, used 53028K [0x00000000a1000000, 0x0000000100000000)
  region size 1024K, 8 young (8192K), 8 survivors (8192K)
 Metaspace       used 13791K, capacity 14002K, committed 14336K, reserved 1062912K
  class space    used 1108K, capacity 1173K, committed 1280K, reserved 1048576K
}
Event: 2.753 GC heap before
{Heap before GC invocations=13 (full 0):
 garbage-first heap   total 146432K, used 110372K [0x00000000a1000000, 0x0000000100000000)
  region size 1024K, 63 young (64512K), 8 survivors (8192K)
 Metaspace       used 13809K, capacity 14066K, committed 14336K, reserved 1062912K
  class space    used 1108K, capacity 1173K, committed 1280K, reserved 1048576K
}
Event: 2.760 GC heap after
{Heap after GC invocations=14 (full 0):
 garbage-first heap   total 146432K, used 60010K [0x00000000a1000000, 0x0000000100000000)
  region size 1024K, 8 young (8192K), 8 survivors (8192K)
 Metaspace       used 13809K, capacity 14066K, committed 14336K, reserved 1062912K
  class space    used 1108K, capacity 1173K, committed 1280K, reserved 1048576K
}
Event: 2.813 GC heap before
{Heap before GC invocations=14 (full 0):
 garbage-first heap   total 146432K, used 111210K [0x00000000a1000000, 0x0000000100000000)
  region size 1024K, 59 young (60416K), 8 survivors (8192K)
 Metaspace       used 13819K, capacity 14066K, committed 14336K, reserved 1062912K
  class space    used 1108K, capacity 1173K, committed 1280K, reserved 1048576K
}
Event: 2.816 GC heap after
{Heap after GC invocations=15 (full 0):
 garbage-first heap   total 146432K, used 61227K [0x00000000a1000000, 0x0000000100000000)
  region size 1024K, 4 young (4096K), 4 survivors (4096K)
 Metaspace       used 13819K, capacity 14066K, committed 14336K, reserved 1062912K
  class space    used 1108K, capacity 1173K, committed 1280K, reserved 1048576K
}
Event: 2.878 GC heap before
{Heap before GC invocations=15 (full 0):
 garbage-first heap   total 146432K, used 113451K [0x00000000a1000000, 0x0000000100000000)
  region size 1024K, 55 young (56320K), 4 survivors (4096K)
 Metaspace       used 13827K, capacity 14066K, committed 14336K, reserved 1062912K
  class space    used 1108K, capacity 1173K, committed 1280K, reserved 1048576K
}

