# JRE version: OpenJDK Runtime Environment Microsoft-40648 (11.0.16.1+1) (build 11.0.16.1+1-LTS)
# Java VM: OpenJDK 64-Bit Server VM Microsoft-40648 (11.0.16.1+1-LTS, mixed mode, tiered, compressed oops, g1 gc, windows-amd64)
Heap:
 garbage-first heap   total 467968K, used 130048K [0x00000000c0000000, 0x0000000100000000)
  region size 1024K, 13 young (13312K), 13 survivors (13312K)
 Metaspace       used 16932K, capacity 17291K, committed 17664K, reserved 1064960K
  class space    used 1744K, capacity 1924K, committed 2048K, reserved 1048576K
GC Heap History (20 events):
Event: 0.766 GC heap after
{Heap after GC invocations=3 (full 0):
 garbage-first heap   total 98304K, used 18432K [0x00000000c0000000, 0x0000000100000000)
  region size 1024K, 4 young (4096K), 4 survivors (4096K)
 Metaspace       used 11685K, capacity 11867K, committed 11904K, reserved 1060864K
  class space    used 1104K, capacity 1146K, committed 1152K, reserved 1048576K
}
Event: 0.837 GC heap before
{Heap before GC invocations=3 (full 0):
 garbage-first heap   total 98304K, used 50176K [0x00000000c0000000, 0x0000000100000000)
  region size 1024K, 35 young (35840K), 4 survivors (4096K)
 Metaspace       used 11691K, capacity 11867K, committed 11904K, reserved 1060864K
  class space    used 1104K, capacity 1146K, committed 1152K, reserved 1048576K
}
Event: 0.843 GC heap after
{Heap after GC invocations=4 (full 0):
 garbage-first heap   total 98304K, used 25320K [0x00000000c0000000, 0x0000000100000000)
  region size 1024K, 5 young (5120K), 5 survivors (5120K)
 Metaspace       used 11691K, capacity 11867K, committed 11904K, reserved 1060864K
  class space    used 1104K, capacity 1146K, committed 1152K, reserved 1048576K
}
Event: 1.011 GC heap before
{Heap before GC invocations=4 (full 0):
 garbage-first heap   total 98304K, used 58088K [0x00000000c0000000, 0x0000000100000000)
  region size 1024K, 37 young (37888K), 5 survivors (5120K)
 Metaspace       used 13212K, capacity 13426K, committed 13696K, reserved 1060864K
  class space    used 1293K, capacity 1381K, committed 1408K, reserved 1048576K
}
Event: 1.023 GC heap after
{Heap after GC invocations=5 (full 0):
 garbage-first heap   total 122880K, used 32690K [0x00000000c0000000, 0x0000000100000000)
  region size 1024K, 5 young (5120K), 5 survivors (5120K)
 Metaspace       used 13212K, capacity 13426K, committed 13696K, reserved 1060864K
  class space    used 1293K, capacity 1381K, committed 1408K, reserved 1048576K
}
Event: 1.142 GC heap before
{Heap before GC invocations=5 (full 0):
 garbage-first heap   total 122880K, used 69554K [0x00000000c0000000, 0x0000000100000000)
  region size 1024K, 42 young (43008K), 5 survivors (5120K)
 Metaspace       used 13471K, capacity 13703K, committed 13824K, reserved 1060864K
  class space    used 1320K, capacity 1432K, committed 1536K, reserved 1048576K
}
Event: 1.175 GC heap after
{Heap after GC invocations=6 (full 0):
 garbage-first heap   total 122880K, used 43520K [0x00000000c0000000, 0x0000000100000000)
  region size 1024K, 6 young (6144K), 6 survivors (6144K)
 Metaspace       used 13471K, capacity 13703K, committed 13824K, reserved 1060864K
  class space    used 1320K, capacity 1432K, committed 1536K, reserved 1048576K
}
Event: 1.288 GC heap before
{Heap before GC invocations=6 (full 0):
 garbage-first heap   total 122880K, used 79360K [0x00000000c0000000, 0x0000000100000000)
  region size 1024K, 41 young (41984K), 6 survivors (6144K)
 Metaspace       used 13508K, capacity 13768K, committed 14080K, reserved 1062912K
  class space    used 1320K, capacity 1432K, committed 1536K, reserved 1048576K
}
Event: 1.331 GC heap after
{Heap after GC invocations=7 (full 0):
 garbage-first heap   total 122880K, used 52224K [0x00000000c0000000, 0x0000000100000000)
  region size 1024K, 6 young (6144K), 6 survivors (6144K)
 Metaspace       used 13508K, capacity 13768K, committed 14080K, reserved 1062912K
  class space    used 1320K, capacity 1432K, committed 1536K, reserved 1048576K
}
Event: 1.406 GC heap before
{Heap before GC invocations=7 (full 0):
 garbage-first heap   total 122880K, used 84992K [0x00000000c0000000, 0x0000000100000000)
  region size 1024K, 39 young (39936K), 6 survivors (6144K)
 Metaspace       used 13604K, capacity 13837K, committed 14080K, reserved 1062912K
  class space    used 1320K, capacity 1432K, committed 1536K, reserved 1048576K
}
Event: 1.446 GC heap after
{Heap after GC invocations=8 (full 0):
 garbage-first heap   total 122880K, used 60416K [0x00000000c0000000, 0x0000000100000000)
  region size 1024K, 5 young (5120K), 5 survivors (5120K)
 Metaspace       used 13604K, capacity 13837K, committed 14080K, reserved 1062912K
  class space    used 1320K, capacity 1432K, committed 1536K, reserved 1048576K
}
Event: 1.591 GC heap before
{Heap before GC invocations=8 (full 0):
 garbage-first heap   total 122880K, used 91136K [0x00000000c0000000, 0x0000000100000000)
  region size 1024K, 35 young (35840K), 5 survivors (5120K)
 Metaspace       used 15040K, capacity 15330K, committed 15616K, reserved 1062912K
  class space    used 1530K, capacity 1674K, committed 1792K, reserved 1048576K
}
Event: 1.623 GC heap after
{Heap after GC invocations=9 (full 0):
 garbage-first heap   total 299008K, used 66560K [0x00000000c0000000, 0x0000000100000000)
  region size 1024K, 5 young (5120K), 5 survivors (5120K)
 Metaspace       used 15040K, capacity 15330K, committed 15616K, reserved 1062912K
  class space    used 1530K, capacity 1674K, committed 1792K, reserved 1048576K
}
Event: 1.727 GC heap before
{Heap before GC invocations=9 (full 0):
 garbage-first heap   total 299008K, used 129024K [0x00000000c0000000, 0x0000000100000000)
  region size 1024K, 66 young (67584K), 5 survivors (5120K)
 Metaspace       used 15176K, capacity 15462K, committed 15616K, reserved 1062912K
  class space    used 1537K, capacity 1674K, committed 1792K, reserved 1048576K
}
Event: 1.744 GC heap after
{Heap after GC invocations=10 (full 0):
 garbage-first heap   total 299008K, used 78848K [0x00000000c0000000, 0x0000000100000000)
  region size 1024K, 9 young (9216K), 9 survivors (9216K)
 Metaspace       used 15176K, capacity 15462K, committed 15616K, reserved 1062912K
  class space    used 1537K, capacity 1674K, committed 1792K, reserved 1048576K
}
Event: 1.827 GC heap before
{Heap before GC invocations=10 (full 0):
 garbage-first heap   total 299008K, used 164864K [0x00000000c0000000, 0x0000000100000000)
  region size 1024K, 93 young (95232K), 9 survivors (9216K)
 Metaspace       used 15190K, capacity 15527K, committed 15872K, reserved 1062912K
  class space    used 1537K, capacity 1674K, committed 1792K, reserved 1048576K
}
Event: 1.853 GC heap after
{Heap after GC invocations=11 (full 0):
 garbage-first heap   total 299008K, used 95019K [0x00000000c0000000, 0x0000000100000000)
  region size 1024K, 12 young (12288K), 12 survivors (12288K)
 Metaspace       used 15190K, capacity 15527K, committed 15872K, reserved 1062912K
  class space    used 1537K, capacity 1674K, committed 1792K, reserved 1048576K
}
Event: 2.132 GC heap before
{Heap before GC invocations=11 (full 0):
 garbage-first heap   total 299008K, used 188203K [0x00000000c0000000, 0x0000000100000000)
  region size 1024K, 103 young (105472K), 12 survivors (12288K)
 Metaspace       used 16932K, capacity 17291K, committed 17664K, reserved 1064960K
  class space    used 1744K, capacity 1924K, committed 2048K, reserved 1048576K
}
Event: 2.162 GC heap after
{Heap after GC invocations=12 (full 0):
 garbage-first heap   total 299008K, used 111932K [0x00000000c0000000, 0x0000000100000000)
  region size 1024K, 13 young (13312K), 13 survivors (13312K)
 Metaspace       used 16932K, capacity 17291K, committed 17664K, reserved 1064960K
  class space    used 1744K, capacity 1924K, committed 2048K, reserved 1048576K
}
Event: 2.330 GC heap before
{Heap before GC invocations=12 (full 0):
 garbage-first heap   total 299008K, used 205116K [0x00000000c0000000, 0x0000000100000000)
  region size 1024K, 103 young (105472K), 13 survivors (13312K)
 Metaspace       used 16932K, capacity 17291K, committed 17664K, reserved 1064960K
  class space    used 1744K, capacity 1924K, committed 2048K, reserved 1048576K
}

