# JRE version: OpenJDK Runtime Environment Microsoft-40648 (11.0.16.1+1) (build 11.0.16.1+1-LTS)
# Java VM: OpenJDK 64-Bit Server VM Microsoft-40648 (11.0.16.1+1-LTS, mixed mode, tiered, compressed oops, g1 gc, windows-amd64)
Heap:
 garbage-first heap   total 405504K, used 117714K [0x00000000c0000000, 0x0000000100000000)
  region size 1024K, 10 young (10240K), 10 survivors (10240K)
 Metaspace       used 16746K, capacity 17091K, committed 17280K, reserved 1064960K
  class space    used 1714K, capacity 1867K, committed 1920K, reserved 1048576K
GC Heap History (20 events):
Event: 1.014 GC heap after
{Heap after GC invocations=3 (full 0):
 garbage-first heap   total 98304K, used 18432K [0x00000000c0000000, 0x0000000100000000)
  region size 1024K, 4 young (4096K), 4 survivors (4096K)
 Metaspace       used 11682K, capacity 11867K, committed 11904K, reserved 1060864K
  class space    used 1104K, capacity 1146K, committed 1152K, reserved 1048576K
}
Event: 1.181 GC heap before
{Heap before GC invocations=3 (full 0):
 garbage-first heap   total 98304K, used 51200K [0x00000000c0000000, 0x0000000100000000)
  region size 1024K, 36 young (36864K), 4 survivors (4096K)
 Metaspace       used 11688K, capacity 11867K, committed 11904K, reserved 1060864K
  class space    used 1104K, capacity 1146K, committed 1152K, reserved 1048576K
}
Event: 1.187 GC heap after
{Heap after GC invocations=4 (full 0):
 garbage-first heap   total 98304K, used 25600K [0x00000000c0000000, 0x0000000100000000)
  region size 1024K, 5 young (5120K), 5 survivors (5120K)
 Metaspace       used 11688K, capacity 11867K, committed 11904K, reserved 1060864K
  class space    used 1104K, capacity 1146K, committed 1152K, reserved 1048576K
}
Event: 1.488 GC heap before
{Heap before GC invocations=4 (full 0):
 garbage-first heap   total 98304K, used 59392K [0x00000000c0000000, 0x0000000100000000)
  region size 1024K, 38 young (38912K), 5 survivors (5120K)
 Metaspace       used 13275K, capacity 13491K, committed 13696K, reserved 1060864K
  class space    used 1294K, capacity 1381K, committed 1408K, reserved 1048576K
}
Event: 1.508 GC heap after
{Heap after GC invocations=5 (full 0):
 garbage-first heap   total 118784K, used 33792K [0x00000000c0000000, 0x0000000100000000)
  region size 1024K, 5 young (5120K), 5 survivors (5120K)
 Metaspace       used 13275K, capacity 13491K, committed 13696K, reserved 1060864K
  class space    used 1294K, capacity 1381K, committed 1408K, reserved 1048576K
}
Event: 1.623 GC heap before
{Heap before GC invocations=5 (full 0):
 garbage-first heap   total 118784K, used 64512K [0x00000000c0000000, 0x0000000100000000)
  region size 1024K, 35 young (35840K), 5 survivors (5120K)
 Metaspace       used 13442K, capacity 13701K, committed 13824K, reserved 1060864K
  class space    used 1320K, capacity 1432K, committed 1536K, reserved 1048576K
}
Event: 1.663 GC heap after
{Heap after GC invocations=6 (full 0):
 garbage-first heap   total 118784K, used 42496K [0x00000000c0000000, 0x0000000100000000)
  region size 1024K, 5 young (5120K), 5 survivors (5120K)
 Metaspace       used 13442K, capacity 13701K, committed 13824K, reserved 1060864K
  class space    used 1320K, capacity 1432K, committed 1536K, reserved 1048576K
}
Event: 1.790 GC heap before
{Heap before GC invocations=6 (full 0):
 garbage-first heap   total 118784K, used 76288K [0x00000000c0000000, 0x0000000100000000)
  region size 1024K, 38 young (38912K), 5 survivors (5120K)
 Metaspace       used 13555K, capacity 13772K, committed 14080K, reserved 1062912K
  class space    used 1320K, capacity 1432K, committed 1536K, reserved 1048576K
}
Event: 1.823 GC heap after
{Heap after GC invocations=7 (full 0):
 garbage-first heap   total 118784K, used 51200K [0x00000000c0000000, 0x0000000100000000)
  region size 1024K, 5 young (5120K), 5 survivors (5120K)
 Metaspace       used 13555K, capacity 13772K, committed 14080K, reserved 1062912K
  class space    used 1320K, capacity 1432K, committed 1536K, reserved 1048576K
}
Event: 1.919 GC heap before
{Heap before GC invocations=7 (full 0):
 garbage-first heap   total 118784K, used 81920K [0x00000000c0000000, 0x0000000100000000)
  region size 1024K, 36 young (36864K), 5 survivors (5120K)
 Metaspace       used 13555K, capacity 13772K, committed 14080K, reserved 1062912K
  class space    used 1320K, capacity 1432K, committed 1536K, reserved 1048576K
}
Event: 1.956 GC heap after
{Heap after GC invocations=8 (full 0):
 garbage-first heap   total 118784K, used 59392K [0x00000000c0000000, 0x0000000100000000)
  region size 1024K, 5 young (5120K), 5 survivors (5120K)
 Metaspace       used 13555K, capacity 13772K, committed 14080K, reserved 1062912K
  class space    used 1320K, capacity 1432K, committed 1536K, reserved 1048576K
}
Event: 2.182 GC heap before
{Heap before GC invocations=8 (full 0):
 garbage-first heap   total 118784K, used 88064K [0x00000000c0000000, 0x0000000100000000)
  region size 1024K, 33 young (33792K), 5 survivors (5120K)
 Metaspace       used 14991K, capacity 15233K, committed 15488K, reserved 1062912K
  class space    used 1528K, capacity 1642K, committed 1664K, reserved 1048576K
}
Event: 2.214 GC heap after
{Heap after GC invocations=9 (full 0):
 garbage-first heap   total 244736K, used 65024K [0x00000000c0000000, 0x0000000100000000)
  region size 1024K, 5 young (5120K), 5 survivors (5120K)
 Metaspace       used 14991K, capacity 15233K, committed 15488K, reserved 1062912K
  class space    used 1528K, capacity 1642K, committed 1664K, reserved 1048576K
}
Event: 2.399 GC heap before
{Heap before GC invocations=10 (full 0):
 garbage-first heap   total 244736K, used 122368K [0x00000000c0000000, 0x0000000100000000)
  region size 1024K, 61 young (62464K), 5 survivors (5120K)
 Metaspace       used 14984K, capacity 15196K, committed 15616K, reserved 1062912K
  class space    used 1505K, capacity 1617K, committed 1792K, reserved 1048576K
}
Event: 2.423 GC heap after
{Heap after GC invocations=11 (full 0):
 garbage-first heap   total 244736K, used 76641K [0x00000000c0000000, 0x0000000100000000)
  region size 1024K, 8 young (8192K), 8 survivors (8192K)
 Metaspace       used 14984K, capacity 15196K, committed 15616K, reserved 1062912K
  class space    used 1505K, capacity 1617K, committed 1792K, reserved 1048576K
}
Event: 2.521 GC heap before
{Heap before GC invocations=11 (full 0):
 garbage-first heap   total 244736K, used 146273K [0x00000000c0000000, 0x0000000100000000)
  region size 1024K, 76 young (77824K), 8 survivors (8192K)
 Metaspace       used 14998K, capacity 15198K, committed 15616K, reserved 1062912K
  class space    used 1505K, capacity 1617K, committed 1792K, reserved 1048576K
}
Event: 2.546 GC heap after
{Heap after GC invocations=12 (full 0):
 garbage-first heap   total 244736K, used 90399K [0x00000000c0000000, 0x0000000100000000)
  region size 1024K, 10 young (10240K), 10 survivors (10240K)
 Metaspace       used 14998K, capacity 15198K, committed 15616K, reserved 1062912K
  class space    used 1505K, capacity 1617K, committed 1792K, reserved 1048576K
}
Event: 3.020 GC heap before
{Heap before GC invocations=12 (full 0):
 garbage-first heap   total 244736K, used 162079K [0x00000000c0000000, 0x0000000100000000)
  region size 1024K, 80 young (81920K), 10 survivors (10240K)
 Metaspace       used 16740K, capacity 17091K, committed 17280K, reserved 1064960K
  class space    used 1713K, capacity 1867K, committed 1920K, reserved 1048576K
}
Event: 3.049 GC heap after
{Heap after GC invocations=13 (full 0):
 garbage-first heap   total 244736K, used 104231K [0x00000000c0000000, 0x0000000100000000)
  region size 1024K, 10 young (10240K), 10 survivors (10240K)
 Metaspace       used 16740K, capacity 17091K, committed 17280K, reserved 1064960K
  class space    used 1713K, capacity 1867K, committed 1920K, reserved 1048576K
}
Event: 3.158 GC heap before
{Heap before GC invocations=13 (full 0):
 garbage-first heap   total 244736K, used 172839K [0x00000000c0000000, 0x0000000100000000)
  region size 1024K, 77 young (78848K), 10 survivors (10240K)
 Metaspace       used 16746K, capacity 17091K, committed 17280K, reserved 1064960K
  class space    used 1714K, capacity 1867K, committed 1920K, reserved 1048576K
}

