# JRE version: OpenJDK Runtime Environment Microsoft-40648 (11.0.16.1+1) (build 11.0.16.1+1-LTS)
# Java VM: OpenJDK 64-Bit Server VM Microsoft-40648 (11.0.16.1+1-LTS, mixed mode, tiered, compressed oops, g1 gc, windows-amd64)
Heap:
 garbage-first heap   total 406528K, used 106923K [0x00000000c0000000, 0x0000000100000000)
  region size 1024K, 10 young (10240K), 10 survivors (10240K)
 Metaspace       used 16950K, capacity 17289K, committed 17664K, reserved 1064960K
  class space    used 1743K, capacity 1923K, committed 2048K, reserved 1048576K
GC Heap History (20 events):
Event: 0.983 GC heap after
{Heap after GC invocations=3 (full 0):
 garbage-first heap   total 98304K, used 18112K [0x00000000c0000000, 0x0000000100000000)
  region size 1024K, 4 young (4096K), 4 survivors (4096K)
 Metaspace       used 11686K, capacity 11867K, committed 11904K, reserved 1060864K
  class space    used 1103K, capacity 1146K, committed 1152K, reserved 1048576K
}
Event: 1.064 GC heap before
{Heap before GC invocations=3 (full 0):
 garbage-first heap   total 98304K, used 49856K [0x00000000c0000000, 0x0000000100000000)
  region size 1024K, 35 young (35840K), 4 survivors (4096K)
 Metaspace       used 11693K, capacity 11867K, committed 11904K, reserved 1060864K
  class space    used 1103K, capacity 1146K, committed 1152K, reserved 1048576K
}
Event: 1.069 GC heap after
{Heap after GC invocations=4 (full 0):
 garbage-first heap   total 98304K, used 24576K [0x00000000c0000000, 0x0000000100000000)
  region size 1024K, 5 young (5120K), 5 survivors (5120K)
 Metaspace       used 11693K, capacity 11867K, committed 11904K, reserved 1060864K
  class space    used 1103K, capacity 1146K, committed 1152K, reserved 1048576K
}
Event: 1.389 GC heap before
{Heap before GC invocations=4 (full 0):
 garbage-first heap   total 98304K, used 56320K [0x00000000c0000000, 0x0000000100000000)
  region size 1024K, 37 young (37888K), 5 survivors (5120K)
 Metaspace       used 13223K, capacity 13486K, committed 13696K, reserved 1060864K
  class space    used 1288K, capacity 1380K, committed 1408K, reserved 1048576K
}
Event: 1.402 GC heap after
{Heap after GC invocations=5 (full 0):
 garbage-first heap   total 118784K, used 32229K [0x00000000c0000000, 0x0000000100000000)
  region size 1024K, 5 young (5120K), 5 survivors (5120K)
 Metaspace       used 13223K, capacity 13486K, committed 13696K, reserved 1060864K
  class space    used 1288K, capacity 1380K, committed 1408K, reserved 1048576K
}
Event: 1.570 GC heap before
{Heap before GC invocations=5 (full 0):
 garbage-first heap   total 118784K, used 69093K [0x00000000c0000000, 0x0000000100000000)
  region size 1024K, 41 young (41984K), 5 survivors (5120K)
 Metaspace       used 13540K, capacity 13763K, committed 14080K, reserved 1062912K
  class space    used 1318K, capacity 1429K, committed 1536K, reserved 1048576K
}
Event: 1.602 GC heap after
{Heap after GC invocations=6 (full 0):
 garbage-first heap   total 118784K, used 43008K [0x00000000c0000000, 0x0000000100000000)
  region size 1024K, 6 young (6144K), 6 survivors (6144K)
 Metaspace       used 13540K, capacity 13763K, committed 14080K, reserved 1062912K
  class space    used 1318K, capacity 1429K, committed 1536K, reserved 1048576K
}
Event: 1.624 GC heap before
{Heap before GC invocations=6 (full 0):
 garbage-first heap   total 118784K, used 50176K [0x00000000c0000000, 0x0000000100000000)
  region size 1024K, 13 young (13312K), 6 survivors (6144K)
 Metaspace       used 13546K, capacity 13763K, committed 14080K, reserved 1062912K
  class space    used 1318K, capacity 1429K, committed 1536K, reserved 1048576K
}
Event: 1.643 GC heap after
{Heap after GC invocations=7 (full 0):
 garbage-first heap   total 118784K, used 45568K [0x00000000c0000000, 0x0000000100000000)
  region size 1024K, 2 young (2048K), 2 survivors (2048K)
 Metaspace       used 13546K, capacity 13763K, committed 14080K, reserved 1062912K
  class space    used 1318K, capacity 1429K, committed 1536K, reserved 1048576K
}
Event: 1.757 GC heap before
{Heap before GC invocations=7 (full 0):
 garbage-first heap   total 118784K, used 72192K [0x00000000c0000000, 0x0000000100000000)
  region size 1024K, 28 young (28672K), 2 survivors (2048K)
 Metaspace       used 13562K, capacity 13764K, committed 14080K, reserved 1062912K
  class space    used 1318K, capacity 1429K, committed 1536K, reserved 1048576K
}
Event: 1.782 GC heap after
{Heap after GC invocations=8 (full 0):
 garbage-first heap   total 118784K, used 52224K [0x00000000c0000000, 0x0000000100000000)
  region size 1024K, 4 young (4096K), 4 survivors (4096K)
 Metaspace       used 13562K, capacity 13764K, committed 14080K, reserved 1062912K
  class space    used 1318K, capacity 1429K, committed 1536K, reserved 1048576K
}
Event: 1.848 GC heap before
{Heap before GC invocations=8 (full 0):
 garbage-first heap   total 118784K, used 76800K [0x00000000c0000000, 0x0000000100000000)
  region size 1024K, 29 young (29696K), 4 survivors (4096K)
 Metaspace       used 13587K, capacity 13828K, committed 14080K, reserved 1062912K
  class space    used 1319K, capacity 1429K, committed 1536K, reserved 1048576K
}
Event: 1.881 GC heap after
{Heap after GC invocations=9 (full 0):
 garbage-first heap   total 237568K, used 58843K [0x00000000c0000000, 0x0000000100000000)
  region size 1024K, 4 young (4096K), 4 survivors (4096K)
 Metaspace       used 13587K, capacity 13828K, committed 14080K, reserved 1062912K
  class space    used 1319K, capacity 1429K, committed 1536K, reserved 1048576K
}
Event: 2.195 GC heap before
{Heap before GC invocations=9 (full 0):
 garbage-first heap   total 237568K, used 113115K [0x00000000c0000000, 0x0000000100000000)
  region size 1024K, 57 young (58368K), 4 survivors (4096K)
 Metaspace       used 15129K, capacity 15459K, committed 15616K, reserved 1062912K
  class space    used 1537K, capacity 1674K, committed 1792K, reserved 1048576K
}
Event: 2.221 GC heap after
{Heap after GC invocations=10 (full 0):
 garbage-first heap   total 237568K, used 69632K [0x00000000c0000000, 0x0000000100000000)
  region size 1024K, 8 young (8192K), 8 survivors (8192K)
 Metaspace       used 15129K, capacity 15459K, committed 15616K, reserved 1062912K
  class space    used 1537K, capacity 1674K, committed 1792K, reserved 1048576K
}
Event: 2.328 GC heap before
{Heap before GC invocations=10 (full 0):
 garbage-first heap   total 237568K, used 133120K [0x00000000c0000000, 0x0000000100000000)
  region size 1024K, 70 young (71680K), 8 survivors (8192K)
 Metaspace       used 15178K, capacity 15464K, committed 15616K, reserved 1062912K
  class space    used 1537K, capacity 1674K, committed 1792K, reserved 1048576K
}
Event: 2.356 GC heap after
{Heap after GC invocations=11 (full 0):
 garbage-first heap   total 237568K, used 81848K [0x00000000c0000000, 0x0000000100000000)
  region size 1024K, 9 young (9216K), 9 survivors (9216K)
 Metaspace       used 15178K, capacity 15464K, committed 15616K, reserved 1062912K
  class space    used 1537K, capacity 1674K, committed 1792K, reserved 1048576K
}
Event: 2.443 GC heap before
{Heap before GC invocations=11 (full 0):
 garbage-first heap   total 237568K, used 147384K [0x00000000c0000000, 0x0000000100000000)
  region size 1024K, 73 young (74752K), 9 survivors (9216K)
 Metaspace       used 15182K, capacity 15464K, committed 15616K, reserved 1062912K
  class space    used 1537K, capacity 1674K, committed 1792K, reserved 1048576K
}
Event: 2.467 GC heap after
{Heap after GC invocations=12 (full 0):
 garbage-first heap   total 237568K, used 94953K [0x00000000c0000000, 0x0000000100000000)
  region size 1024K, 10 young (10240K), 10 survivors (10240K)
 Metaspace       used 15182K, capacity 15464K, committed 15616K, reserved 1062912K
  class space    used 1537K, capacity 1674K, committed 1792K, reserved 1048576K
}
Event: 2.772 GC heap before
{Heap before GC invocations=12 (full 0):
 garbage-first heap   total 237568K, used 159465K [0x00000000c0000000, 0x0000000100000000)
  region size 1024K, 73 young (74752K), 10 survivors (10240K)
 Metaspace       used 16950K, capacity 17289K, committed 17664K, reserved 1064960K
  class space    used 1743K, capacity 1923K, committed 2048K, reserved 1048576K
}

