# JRE version: OpenJDK Runtime Environment Microsoft-40648 (11.0.16.1+1) (build 11.0.16.1+1-LTS)
# Java VM: OpenJDK 64-Bit Server VM Microsoft-40648 (11.0.16.1+1-LTS, mixed mode, tiered, compressed oops, g1 gc, windows-amd64)
Heap:
 garbage-first heap   total 172032K, used 48656K [0x00000000a1000000, 0x0000000100000000)
  region size 1024K, 11 young (11264K), 5 survivors (5120K)
 Metaspace       used 14603K, capacity 14819K, committed 15104K, reserved 1062912K
  class space    used 1155K, capacity 1250K, committed 1280K, reserved 1048576K
GC Heap History (20 events):
Event: 5.780 GC heap before
{Heap before GC invocations=12 (full 0):
 garbage-first heap   total 118784K, used 95206K [0x00000000a1000000, 0x0000000100000000)
  region size 1024K, 48 young (49152K), 4 survivors (4096K)
 Metaspace       used 14576K, capacity 14849K, committed 15104K, reserved 1062912K
  class space    used 1161K, capacity 1241K, committed 1280K, reserved 1048576K
}
Event: 5.784 GC heap after
{Heap after GC invocations=13 (full 0):
 garbage-first heap   total 118784K, used 50604K [0x00000000a1000000, 0x0000000100000000)
  region size 1024K, 6 young (6144K), 6 survivors (6144K)
 Metaspace       used 14576K, capacity 14849K, committed 15104K, reserved 1062912K
  class space    used 1161K, capacity 1241K, committed 1280K, reserved 1048576K
}
Event: 5.850 GC heap before
{Heap before GC invocations=13 (full 0):
 garbage-first heap   total 118784K, used 93612K [0x00000000a1000000, 0x0000000100000000)
  region size 1024K, 46 young (47104K), 6 survivors (6144K)
 Metaspace       used 14579K, capacity 14850K, committed 15104K, reserved 1062912K
  class space    used 1161K, capacity 1241K, committed 1280K, reserved 1048576K
}
Event: 5.856 GC heap after
{Heap after GC invocations=14 (full 0):
 garbage-first heap   total 118784K, used 55539K [0x00000000a1000000, 0x0000000100000000)
  region size 1024K, 6 young (6144K), 6 survivors (6144K)
 Metaspace       used 14579K, capacity 14850K, committed 15104K, reserved 1062912K
  class space    used 1161K, capacity 1241K, committed 1280K, reserved 1048576K
}
Event: 5.926 GC heap before
{Heap before GC invocations=14 (full 0):
 garbage-first heap   total 118784K, used 74995K [0x00000000a1000000, 0x0000000100000000)
  region size 1024K, 24 young (24576K), 6 survivors (6144K)
 Metaspace       used 14580K, capacity 14850K, committed 15104K, reserved 1062912K
  class space    used 1161K, capacity 1241K, committed 1280K, reserved 1048576K
}
Event: 5.931 GC heap after
{Heap after GC invocations=15 (full 0):
 garbage-first heap   total 118784K, used 58972K [0x00000000a1000000, 0x0000000100000000)
  region size 1024K, 5 young (5120K), 5 survivors (5120K)
 Metaspace       used 14580K, capacity 14850K, committed 15104K, reserved 1062912K
  class space    used 1161K, capacity 1241K, committed 1280K, reserved 1048576K
}
Event: 6.021 GC heap before
{Heap before GC invocations=16 (full 0):
 garbage-first heap   total 118784K, used 86620K [0x00000000a1000000, 0x0000000100000000)
  region size 1024K, 38 young (38912K), 5 survivors (5120K)
 Metaspace       used 14542K, capacity 14787K, committed 15104K, reserved 1062912K
  class space    used 1148K, capacity 1218K, committed 1280K, reserved 1048576K
}
Event: 6.026 GC heap after
{Heap after GC invocations=17 (full 0):
 garbage-first heap   total 143360K, used 56615K [0x00000000a1000000, 0x0000000100000000)
  region size 1024K, 5 young (5120K), 5 survivors (5120K)
 Metaspace       used 14542K, capacity 14787K, committed 15104K, reserved 1062912K
  class space    used 1148K, capacity 1218K, committed 1280K, reserved 1048576K
}
Event: 6.030 GC heap before
{Heap before GC invocations=17 (full 0):
 garbage-first heap   total 143360K, used 59687K [0x00000000a1000000, 0x0000000100000000)
  region size 1024K, 7 young (7168K), 5 survivors (5120K)
 Metaspace       used 14542K, capacity 14787K, committed 15104K, reserved 1062912K
  class space    used 1148K, capacity 1218K, committed 1280K, reserved 1048576K
}
Event: 6.032 GC heap after
{Heap after GC invocations=18 (full 0):
 garbage-first heap   total 143360K, used 43705K [0x00000000a1000000, 0x0000000100000000)
  region size 1024K, 1 young (1024K), 1 survivors (1024K)
 Metaspace       used 14542K, capacity 14787K, committed 15104K, reserved 1062912K
  class space    used 1148K, capacity 1218K, committed 1280K, reserved 1048576K
}
Event: 6.041 GC heap before
{Heap before GC invocations=18 (full 0):
 garbage-first heap   total 143360K, used 48825K [0x00000000a1000000, 0x0000000100000000)
  region size 1024K, 7 young (7168K), 1 survivors (1024K)
 Metaspace       used 14542K, capacity 14787K, committed 15104K, reserved 1062912K
  class space    used 1148K, capacity 1218K, committed 1280K, reserved 1048576K
}
Event: 6.043 GC heap after
{Heap after GC invocations=19 (full 0):
 garbage-first heap   total 143360K, used 33416K [0x00000000a1000000, 0x0000000100000000)
  region size 1024K, 1 young (1024K), 1 survivors (1024K)
 Metaspace       used 14542K, capacity 14787K, committed 15104K, reserved 1062912K
  class space    used 1148K, capacity 1218K, committed 1280K, reserved 1048576K
}
Event: 6.130 GC heap before
{Heap before GC invocations=19 (full 0):
 garbage-first heap   total 143360K, used 96904K [0x00000000a1000000, 0x0000000100000000)
  region size 1024K, 59 young (60416K), 1 survivors (1024K)
 Metaspace       used 14543K, capacity 14787K, committed 15104K, reserved 1062912K
  class space    used 1148K, capacity 1218K, committed 1280K, reserved 1048576K
}
Event: 6.135 GC heap after
{Heap after GC invocations=20 (full 0):
 garbage-first heap   total 143360K, used 39351K [0x00000000a1000000, 0x0000000100000000)
  region size 1024K, 7 young (7168K), 7 survivors (7168K)
 Metaspace       used 14543K, capacity 14787K, committed 15104K, reserved 1062912K
  class space    used 1148K, capacity 1218K, committed 1280K, reserved 1048576K
}
Event: 6.200 GC heap before
{Heap before GC invocations=20 (full 0):
 garbage-first heap   total 143360K, used 96695K [0x00000000a1000000, 0x0000000100000000)
  region size 1024K, 64 young (65536K), 7 survivors (7168K)
 Metaspace       used 14544K, capacity 14787K, committed 15104K, reserved 1062912K
  class space    used 1148K, capacity 1218K, committed 1280K, reserved 1048576K
}
Event: 6.203 GC heap after
{Heap after GC invocations=21 (full 0):
 garbage-first heap   total 143360K, used 41213K [0x00000000a1000000, 0x0000000100000000)
  region size 1024K, 4 young (4096K), 4 survivors (4096K)
 Metaspace       used 14544K, capacity 14787K, committed 15104K, reserved 1062912K
  class space    used 1148K, capacity 1218K, committed 1280K, reserved 1048576K
}
Event: 6.262 GC heap before
{Heap before GC invocations=21 (full 0):
 garbage-first heap   total 143360K, used 99581K [0x00000000a1000000, 0x0000000100000000)
  region size 1024K, 62 young (63488K), 4 survivors (4096K)
 Metaspace       used 14547K, capacity 14787K, committed 15104K, reserved 1062912K
  class space    used 1148K, capacity 1218K, committed 1280K, reserved 1048576K
}
Event: 6.264 GC heap after
{Heap after GC invocations=22 (full 0):
 garbage-first heap   total 143360K, used 42337K [0x00000000a1000000, 0x0000000100000000)
  region size 1024K, 5 young (5120K), 5 survivors (5120K)
 Metaspace       used 14547K, capacity 14787K, committed 15104K, reserved 1062912K
  class space    used 1148K, capacity 1218K, committed 1280K, reserved 1048576K
}
Event: 6.356 GC heap before
{Heap before GC invocations=22 (full 0):
 garbage-first heap   total 143360K, used 102753K [0x00000000a1000000, 0x0000000100000000)
  region size 1024K, 64 young (65536K), 5 survivors (5120K)
 Metaspace       used 14548K, capacity 14787K, committed 15104K, reserved 1062912K
  class space    used 1148K, capacity 1218K, committed 1280K, reserved 1048576K
}
Event: 6.359 GC heap after
{Heap after GC invocations=23 (full 0):
 garbage-first heap   total 172032K, used 42656K [0x00000000a1000000, 0x0000000100000000)
  region size 1024K, 4 young (4096K), 4 survivors (4096K)
 Metaspace       used 14548K, capacity 14787K, committed 15104K, reserved 1062912K
  class space    used 1148K, capacity 1218K, committed 1280K, reserved 1048576K
}

