# JRE version: OpenJDK Runtime Environment Microsoft-40648 (11.0.16.1+1) (build 11.0.16.1+1-LTS)
# Java VM: OpenJDK 64-Bit Server VM Microsoft-40648 (11.0.16.1+1-LTS, mixed mode, tiered, compressed oops, g1 gc, windows-amd64)
Heap:
 garbage-first heap   total 253952K, used 64512K [0x00000000c0000000, 0x0000000100000000)
  region size 1024K, 5 young (5120K), 5 survivors (5120K)
 Metaspace       used 14962K, capacity 15290K, committed 15488K, reserved 1062912K
  class space    used 1521K, capacity 1639K, committed 1664K, reserved 1048576K
GC Heap History (17 events):
Event: 0.685 GC heap before
{Heap before GC invocations=0 (full 0):
 garbage-first heap   total 98304K, used 33792K [0x00000000c0000000, 0x0000000100000000)
  region size 1024K, 24 young (24576K), 0 survivors (0K)
 Metaspace       used 10934K, capacity 11043K, committed 11136K, reserved 1058816K
  class space    used 1035K, capacity 1105K, committed 1152K, reserved 1048576K
}
Event: 0.697 GC heap after
{Heap after GC invocations=1 (full 0):
 garbage-first heap   total 98304K, used 8412K [0x00000000c0000000, 0x0000000100000000)
  region size 1024K, 3 young (3072K), 3 survivors (3072K)
 Metaspace       used 10934K, capacity 11043K, committed 11136K, reserved 1058816K
  class space    used 1035K, capacity 1105K, committed 1152K, reserved 1048576K
}
Event: 0.845 GC heap before
{Heap before GC invocations=1 (full 0):
 garbage-first heap   total 98304K, used 32988K [0x00000000c0000000, 0x0000000100000000)
  region size 1024K, 24 young (24576K), 3 survivors (3072K)
 Metaspace       used 11685K, capacity 11867K, committed 11904K, reserved 1060864K
  class space    used 1104K, capacity 1146K, committed 1152K, reserved 1048576K
}
Event: 0.855 GC heap after
{Heap after GC invocations=2 (full 0):
 garbage-first heap   total 98304K, used 12948K [0x00000000c0000000, 0x0000000100000000)
  region size 1024K, 3 young (3072K), 3 survivors (3072K)
 Metaspace       used 11685K, capacity 11867K, committed 11904K, reserved 1060864K
  class space    used 1104K, capacity 1146K, committed 1152K, reserved 1048576K
}
Event: 0.921 GC heap before
{Heap before GC invocations=2 (full 0):
 garbage-first heap   total 98304K, used 38548K [0x00000000c0000000, 0x0000000100000000)
  region size 1024K, 28 young (28672K), 3 survivors (3072K)
 Metaspace       used 11689K, capacity 11867K, committed 11904K, reserved 1060864K
  class space    used 1104K, capacity 1146K, committed 1152K, reserved 1048576K
}
Event: 0.929 GC heap after
{Heap after GC invocations=3 (full 0):
 garbage-first heap   total 98304K, used 18134K [0x00000000c0000000, 0x0000000100000000)
  region size 1024K, 4 young (4096K), 4 survivors (4096K)
 Metaspace       used 11689K, capacity 11867K, committed 11904K, reserved 1060864K
  class space    used 1104K, capacity 1146K, committed 1152K, reserved 1048576K
}
Event: 1.025 GC heap before
{Heap before GC invocations=3 (full 0):
 garbage-first heap   total 98304K, used 49878K [0x00000000c0000000, 0x0000000100000000)
  region size 1024K, 35 young (35840K), 4 survivors (4096K)
 Metaspace       used 11695K, capacity 11867K, committed 11904K, reserved 1060864K
  class space    used 1104K, capacity 1146K, committed 1152K, reserved 1048576K
}
Event: 1.031 GC heap after
{Heap after GC invocations=4 (full 0):
 garbage-first heap   total 98304K, used 25370K [0x00000000c0000000, 0x0000000100000000)
  region size 1024K, 5 young (5120K), 5 survivors (5120K)
 Metaspace       used 11695K, capacity 11867K, committed 11904K, reserved 1060864K
  class space    used 1104K, capacity 1146K, committed 1152K, reserved 1048576K
}
Event: 1.342 GC heap before
{Heap before GC invocations=4 (full 0):
 garbage-first heap   total 98304K, used 58138K [0x00000000c0000000, 0x0000000100000000)
  region size 1024K, 37 young (37888K), 5 survivors (5120K)
 Metaspace       used 13268K, capacity 13425K, committed 13696K, reserved 1060864K
  class space    used 1294K, capacity 1381K, committed 1408K, reserved 1048576K
}
Event: 1.364 GC heap after
{Heap after GC invocations=5 (full 0):
 garbage-first heap   total 120832K, used 32752K [0x00000000c0000000, 0x0000000100000000)
  region size 1024K, 5 young (5120K), 5 survivors (5120K)
 Metaspace       used 13268K, capacity 13425K, committed 13696K, reserved 1060864K
  class space    used 1294K, capacity 1381K, committed 1408K, reserved 1048576K
}
Event: 1.526 GC heap before
{Heap before GC invocations=5 (full 0):
 garbage-first heap   total 120832K, used 69616K [0x00000000c0000000, 0x0000000100000000)
  region size 1024K, 42 young (43008K), 5 survivors (5120K)
 Metaspace       used 13458K, capacity 13756K, committed 14080K, reserved 1062912K
  class space    used 1318K, capacity 1429K, committed 1536K, reserved 1048576K
}
Event: 1.562 GC heap after
{Heap after GC invocations=6 (full 0):
 garbage-first heap   total 120832K, used 43520K [0x00000000c0000000, 0x0000000100000000)
  region size 1024K, 6 young (6144K), 6 survivors (6144K)
 Metaspace       used 13458K, capacity 13756K, committed 14080K, reserved 1062912K
  class space    used 1318K, capacity 1429K, committed 1536K, reserved 1048576K
}
Event: 1.651 GC heap before
{Heap before GC invocations=6 (full 0):
 garbage-first heap   total 120832K, used 71168K [0x00000000c0000000, 0x0000000100000000)
  region size 1024K, 33 young (33792K), 6 survivors (6144K)
 Metaspace       used 13520K, capacity 13758K, committed 14080K, reserved 1062912K
  class space    used 1319K, capacity 1429K, committed 1536K, reserved 1048576K
}
Event: 1.686 GC heap after
{Heap after GC invocations=7 (full 0):
 garbage-first heap   total 120832K, used 50176K [0x00000000c0000000, 0x0000000100000000)
  region size 1024K, 5 young (5120K), 5 survivors (5120K)
 Metaspace       used 13520K, capacity 13758K, committed 14080K, reserved 1062912K
  class space    used 1319K, capacity 1429K, committed 1536K, reserved 1048576K
}
Event: 1.753 GC heap before
{Heap before GC invocations=7 (full 0):
 garbage-first heap   total 120832K, used 81920K [0x00000000c0000000, 0x0000000100000000)
  region size 1024K, 36 young (36864K), 5 survivors (5120K)
 Metaspace       used 13603K, capacity 13832K, committed 14080K, reserved 1062912K
  class space    used 1319K, capacity 1429K, committed 1536K, reserved 1048576K
}
Event: 1.786 GC heap after
{Heap after GC invocations=8 (full 0):
 garbage-first heap   total 120832K, used 58368K [0x00000000c0000000, 0x0000000100000000)
  region size 1024K, 5 young (5120K), 5 survivors (5120K)
 Metaspace       used 13603K, capacity 13832K, committed 14080K, reserved 1062912K
  class space    used 1319K, capacity 1429K, committed 1536K, reserved 1048576K
}
Event: 1.965 GC heap before
{Heap before GC invocations=8 (full 0):
 garbage-first heap   total 120832K, used 88064K [0x00000000c0000000, 0x0000000100000000)
  region size 1024K, 34 young (34816K), 5 survivors (5120K)
 Metaspace       used 14962K, capacity 15290K, committed 15488K, reserved 1062912K
  class space    used 1521K, capacity 1639K, committed 1664K, reserved 1048576K
}

